0 fs reset info : Driveing inputs passive
0 fs reset info : Driving reset
1007575681 fs cpu info : Testing the HALT instruction
1340908989 fs cpu info : Testing the INC_R0 instruction
3037878557 fs cpu info : Testing the DEC_R0 instruction
4734848125 fs cpu info : Testing the INC_R1 instruction
6431817693 fs cpu info : Testing the DEC_R1 instruction
8128787261 fs cpu info : Testing the ADD_R0_R1 instruction
8886362961 fs cpu info : Testing the ADD_R0_R1 instruction
9643938661 fs cpu info : Testing the SUB_R0_R1 instruction
10401514361 fs cpu info : Testing the SUB_R0_R1 instruction
11159090061 fs cpu info : Testing the PRINT_R0 instruction
11749999107 fs cpu info : Testing the PRINT_R0 instruction
12340908153 fs cpu info : Testing the JP_IF_R0_NZ instruction
13431817161 fs cpu info : Testing the JP_IF_R0_NZ instruction
14522726169 fs cpu info : Testing the JP_IF_R0_Z instruction
15780301831 fs cpu info : Testing the JP_IF_R0_Z instruction
17037877493 fs cpu info : Testing the LOAD_R0 instruction
17537877455 fs cpu info : Testing the LOAD_R0 instruction
18037877417 fs cpu info : Testing the LOAD_R1 instruction
18537877379 fs cpu info : Testing the LOAD_R1 instruction
19037877341 fs cpu info : Testing the STORE_R0 instruction
19704543957 fs cpu info : Testing the STORE_R0 instruction
20371210573 fs cpu info : Testing the STORE_R1 instruction
21037877189 fs cpu info : Testing the STORE_R1 instruction
21704543805 fs cpu info : Testing the SWAP_R0_ADDR instruction
22446967991 fs cpu info : Testing the SWAP_R0_ADDR instruction
23189392177 fs cpu info : Testing the SWAP_R1_ADDR instruction
23931816363 fs cpu info : Testing the SWAP_R1_ADDR instruction
25674240549 fs simlation info : Ending simulation
-------------------------------------------------------------------------------
Summary
-------------------------------------------------------------------------------
infos: 32
notes: 0
warnings: 0
errors: 0
failures: 0
Suppressed messged: 0
-------------------------------------------------------------------------------
Result: PASS
-------------------------------------------------------------------------------
